# JRE version: OpenJDK Runtime Environment (17.0.10) (build 17.0.10+0--11572160)
# Java VM: OpenJDK 64-Bit Server VM (17.0.10+0--11572160, mixed mode, tiered, compressed oops, compressed class ptrs, g1 gc, windows-amd64)
GC Precious Log:
 CPUs: 12 total, 12 available
 Memory: 7916M
 Large Page Support: Disabled
 NUMA Support: Disabled
 Compressed Oops: Enabled (32-bit)
 Heap Region Size: 1M
 Heap Min Capacity: 8M
 Heap Initial Capacity: 124M
 Heap Max Capacity: 2G
 Pre-touch: Disabled
 Parallel Workers: 10
 Concurrent Workers: 3
 Concurrent Refinement Workers: 10
 Periodic GC: Disabled
Heap:
 garbage-first heap   total 372736K, used 51725K [0x0000000080000000, 0x0000000100000000)
  region size 1024K, 3 young (3072K), 3 survivors (3072K)
 Metaspace       used 67410K, committed 67840K, reserved 1114112K
  class space    used 8544K, committed 8768K, reserved 1048576K
GC Heap History (20 events):
Event: 172.924 GC heap after
{Heap after GC invocations=31 (full 0):
 garbage-first heap   total 268288K, used 52591K [0x0000000080000000, 0x0000000100000000)
  region size 1024K, 6 young (6144K), 6 survivors (6144K)
 Metaspace       used 67350K, committed 67840K, reserved 1114112K
  class space    used 8542K, committed 8768K, reserved 1048576K
}
Event: 173.372 GC heap before
{Heap before GC invocations=31 (full 0):
 garbage-first heap   total 268288K, used 206191K [0x0000000080000000, 0x0000000100000000)
  region size 1024K, 157 young (160768K), 6 survivors (6144K)
 Metaspace       used 67361K, committed 67840K, reserved 1114112K
  class space    used 8543K, committed 8768K, reserved 1048576K
}
Event: 173.378 GC heap after
{Heap after GC invocations=32 (full 0):
 garbage-first heap   total 268288K, used 53187K [0x0000000080000000, 0x0000000100000000)
  region size 1024K, 6 young (6144K), 6 survivors (6144K)
 Metaspace       used 67361K, committed 67840K, reserved 1114112K
  class space    used 8543K, committed 8768K, reserved 1048576K
}
Event: 173.699 GC heap before
{Heap before GC invocations=32 (full 0):
 garbage-first heap   total 268288K, used 206787K [0x0000000080000000, 0x0000000100000000)
  region size 1024K, 157 young (160768K), 6 survivors (6144K)
 Metaspace       used 67366K, committed 67840K, reserved 1114112K
  class space    used 8544K, committed 8768K, reserved 1048576K
}
Event: 173.705 GC heap after
{Heap after GC invocations=33 (full 0):
 garbage-first heap   total 268288K, used 54371K [0x0000000080000000, 0x0000000100000000)
  region size 1024K, 7 young (7168K), 7 survivors (7168K)
 Metaspace       used 67366K, committed 67840K, reserved 1114112K
  class space    used 8544K, committed 8768K, reserved 1048576K
}
Event: 173.925 GC heap before
{Heap before GC invocations=33 (full 0):
 garbage-first heap   total 268288K, used 207971K [0x0000000080000000, 0x0000000100000000)
  region size 1024K, 157 young (160768K), 7 survivors (7168K)
 Metaspace       used 67371K, committed 67840K, reserved 1114112K
  class space    used 8544K, committed 8768K, reserved 1048576K
}
Event: 173.934 GC heap after
{Heap after GC invocations=34 (full 0):
 garbage-first heap   total 268288K, used 58034K [0x0000000080000000, 0x0000000100000000)
  region size 1024K, 10 young (10240K), 10 survivors (10240K)
 Metaspace       used 67371K, committed 67840K, reserved 1114112K
  class space    used 8544K, committed 8768K, reserved 1048576K
}
Event: 174.222 GC heap before
{Heap before GC invocations=34 (full 0):
 garbage-first heap   total 268288K, used 208562K [0x0000000080000000, 0x0000000100000000)
  region size 1024K, 157 young (160768K), 10 survivors (10240K)
 Metaspace       used 67374K, committed 67840K, reserved 1114112K
  class space    used 8544K, committed 8768K, reserved 1048576K
}
Event: 174.233 GC heap after
{Heap after GC invocations=35 (full 0):
 garbage-first heap   total 268288K, used 55854K [0x0000000080000000, 0x0000000100000000)
  region size 1024K, 9 young (9216K), 9 survivors (9216K)
 Metaspace       used 67374K, committed 67840K, reserved 1114112K
  class space    used 8544K, committed 8768K, reserved 1048576K
}
Event: 174.452 GC heap before
{Heap before GC invocations=35 (full 0):
 garbage-first heap   total 268288K, used 206382K [0x0000000080000000, 0x0000000100000000)
  region size 1024K, 157 young (160768K), 9 survivors (9216K)
 Metaspace       used 67374K, committed 67840K, reserved 1114112K
  class space    used 8544K, committed 8768K, reserved 1048576K
}
Event: 174.461 GC heap after
{Heap after GC invocations=36 (full 0):
 garbage-first heap   total 268288K, used 55493K [0x0000000080000000, 0x0000000100000000)
  region size 1024K, 7 young (7168K), 7 survivors (7168K)
 Metaspace       used 67374K, committed 67840K, reserved 1114112K
  class space    used 8544K, committed 8768K, reserved 1048576K
}
Event: 174.738 GC heap before
{Heap before GC invocations=36 (full 0):
 garbage-first heap   total 268288K, used 208069K [0x0000000080000000, 0x0000000100000000)
  region size 1024K, 157 young (160768K), 7 survivors (7168K)
 Metaspace       used 67385K, committed 67840K, reserved 1114112K
  class space    used 8544K, committed 8768K, reserved 1048576K
}
Event: 174.747 GC heap after
{Heap after GC invocations=37 (full 0):
 garbage-first heap   total 372736K, used 55979K [0x0000000080000000, 0x0000000100000000)
  region size 1024K, 7 young (7168K), 7 survivors (7168K)
 Metaspace       used 67385K, committed 67840K, reserved 1114112K
  class space    used 8544K, committed 8768K, reserved 1048576K
}
Event: 175.449 GC heap before
{Heap before GC invocations=37 (full 0):
 garbage-first heap   total 372736K, used 276139K [0x0000000080000000, 0x0000000100000000)
  region size 1024K, 218 young (223232K), 7 survivors (7168K)
 Metaspace       used 67390K, committed 67840K, reserved 1114112K
  class space    used 8544K, committed 8768K, reserved 1048576K
}
Event: 175.615 GC heap after
{Heap after GC invocations=38 (full 0):
 garbage-first heap   total 372736K, used 58178K [0x0000000080000000, 0x0000000100000000)
  region size 1024K, 7 young (7168K), 7 survivors (7168K)
 Metaspace       used 67390K, committed 67840K, reserved 1114112K
  class space    used 8544K, committed 8768K, reserved 1048576K
}
Event: 176.200 GC heap before
{Heap before GC invocations=38 (full 0):
 garbage-first heap   total 372736K, used 273218K [0x0000000080000000, 0x0000000100000000)
  region size 1024K, 218 young (223232K), 7 survivors (7168K)
 Metaspace       used 67396K, committed 67840K, reserved 1114112K
  class space    used 8544K, committed 8768K, reserved 1048576K
}
Event: 176.314 GC heap after
{Heap after GC invocations=39 (full 0):
 garbage-first heap   total 372736K, used 57621K [0x0000000080000000, 0x0000000100000000)
  region size 1024K, 7 young (7168K), 7 survivors (7168K)
 Metaspace       used 67396K, committed 67840K, reserved 1114112K
  class space    used 8544K, committed 8768K, reserved 1048576K
}
Event: 176.731 GC heap before
{Heap before GC invocations=39 (full 0):
 garbage-first heap   total 372736K, used 272661K [0x0000000080000000, 0x0000000100000000)
  region size 1024K, 218 young (223232K), 7 survivors (7168K)
 Metaspace       used 67410K, committed 67840K, reserved 1114112K
  class space    used 8544K, committed 8768K, reserved 1048576K
}
Event: 176.848 GC heap after
{Heap after GC invocations=40 (full 0):
 garbage-first heap   total 372736K, used 56904K [0x0000000080000000, 0x0000000100000000)
  region size 1024K, 6 young (6144K), 6 survivors (6144K)
 Metaspace       used 67410K, committed 67840K, reserved 1114112K
  class space    used 8544K, committed 8768K, reserved 1048576K
}
Event: 178.171 GC heap before
{Heap before GC invocations=40 (full 0):
 garbage-first heap   total 372736K, used 273992K [0x0000000080000000, 0x0000000100000000)
  region size 1024K, 218 young (223232K), 6 survivors (6144K)
 Metaspace       used 67410K, committed 67840K, reserved 1114112K
  class space    used 8544K, committed 8768K, reserved 1048576K
}

